2024-03-21 23:43:57,857 [INFO] Activator:176 - 


2024-03-21 23:43:57,882 [INFO] Activator:177 - !SESSION log4j initialized
2024-03-21 23:44:07,915 [INFO] LogOutputStream:77 - [STDOUT_REDIRECT] 
2024-03-21 23:44:15,170 [INFO] ApplicationProperties:184 - Using Application install path: C:\ST\STM32CubeIDE_1.14.1\STM32CubeIDE\plugins\com.st.stm32cube.common.mx_6.10.0.202311202037
2024-03-21 23:44:15,198 [INFO] DbMcusXml:78 - Set database path to: C:\ST\STM32CubeIDE_1.14.1\STM32CubeIDE\plugins\com.st.stm32cube.common.mx_6.10.0.202311202037\\db\/mcu/
2024-03-21 23:44:15,199 [INFO] ApiDb:274 - Set plugin database path to: C:\ST\STM32CubeIDE_1.14.1\STM32CubeIDE\plugins\com.st.stm32cube.common.mx_6.10.0.202311202037\\db\/plugins/boardmanager/
2024-03-21 23:44:15,199 [WARN] ApiDb:259 - Overriding images path with different value:  => C:\ST\STM32CubeIDE_1.14.1\STM32CubeIDE\plugins\com.st.stm32cube.common.mx_6.10.0.202311202037\\db\/plugins/mcufinder/images/
2024-03-21 23:44:15,213 [INFO] ApiDb:250 - Set database path to: C:\Users\MY PC\.stmcufinder\plugins\mcufinder//mcu/
2024-03-21 23:44:15,215 [INFO] DbMcusAds:125 - Set database path to: C:\Users\MY PC\.stmcufinder\plugins\mcufinder//mcu/
2024-03-21 23:44:15,217 [INFO] CrossReferenceDbSqlite:203 - Set database path to: C:\Users\MY PC\.stmcufinder\plugins\mcufinder//mcu/cs/
2024-03-21 23:44:15,399 [INFO] RulesReader:64 - Compatibility file has been processed (297 Rules)
2024-03-21 23:44:15,541 [INFO] DbMcusXml:78 - Set database path to: C:\ST\STM32CubeIDE_1.14.1\STM32CubeIDE\plugins\com.st.stm32cube.common.mx_6.10.0.202311202037\\db\/mcu/
2024-03-21 23:44:15,541 [INFO] ApiDb:274 - Set plugin database path to: C:\ST\STM32CubeIDE_1.14.1\STM32CubeIDE\plugins\com.st.stm32cube.common.mx_6.10.0.202311202037\\db\/plugins/boardmanager/
2024-03-21 23:44:15,541 [INFO] ApiDb:261 - Set plugin images path to: C:\ST\STM32CubeIDE_1.14.1\STM32CubeIDE\plugins\com.st.stm32cube.common.mx_6.10.0.202311202037\\db\/plugins/mcufinder/images/
2024-03-21 23:44:15,542 [WARN] DbFile:41 - Overriding database path with different value: C:\Users\MY PC\.stmcufinder\plugins\mcufinder/ => C:\Users\MY PC\.stmcufinder\plugins\mcufinder
2024-03-21 23:44:15,542 [INFO] ApiDb:250 - Set database path to: C:\Users\MY PC\.stmcufinder\plugins\mcufinder//mcu/
2024-03-21 23:44:15,542 [WARN] DbFile:41 - Overriding database path with different value: C:\Users\MY PC\.stmcufinder\plugins\mcufinder/ => C:\Users\MY PC\.stmcufinder\plugins\mcufinder
2024-03-21 23:44:15,542 [INFO] DbMcusAds:125 - Set database path to: C:\Users\MY PC\.stmcufinder\plugins\mcufinder//mcu/
2024-03-21 23:44:15,542 [WARN] DbFile:41 - Overriding database path with different value: C:\Users\MY PC\.stmcufinder\plugins\mcufinder/ => C:\Users\MY PC\.stmcufinder\plugins\mcufinder
2024-03-21 23:44:15,542 [WARN] DbFile:41 - Overriding database path with different value: C:\Users\MY PC\.stmcufinder\plugins\mcufinder/ => C:\Users\MY PC\.stmcufinder\plugins\mcufinder
2024-03-21 23:44:15,542 [INFO] CrossReferenceDbSqlite:203 - Set database path to: C:\Users\MY PC\.stmcufinder\plugins\mcufinder//mcu/cs/
2024-03-21 23:44:15,665 [INFO] MainPanel:264 - HeapMemory: 268435456
2024-03-21 23:44:15,832 [INFO] DbMcusXml:78 - Set database path to: C:\ST\STM32CubeIDE_1.14.1\STM32CubeIDE\plugins\com.st.stm32cube.common.mx_6.10.0.202311202037\\db\/mcu/
2024-03-21 23:44:15,832 [INFO] ApiDb:274 - Set plugin database path to: C:\ST\STM32CubeIDE_1.14.1\STM32CubeIDE\plugins\com.st.stm32cube.common.mx_6.10.0.202311202037\\db\/plugins/boardmanager/
2024-03-21 23:44:15,833 [INFO] ApiDb:261 - Set plugin images path to: C:\ST\STM32CubeIDE_1.14.1\STM32CubeIDE\plugins\com.st.stm32cube.common.mx_6.10.0.202311202037\\db\/plugins/mcufinder/images/
2024-03-21 23:44:15,833 [WARN] DbFile:41 - Overriding database path with different value: C:\Users\MY PC\.stmcufinder\plugins\mcufinder/ => C:\Users\MY PC\.stmcufinder\plugins\mcufinder
2024-03-21 23:44:15,834 [INFO] ApiDb:250 - Set database path to: C:\Users\MY PC\.stmcufinder\plugins\mcufinder//mcu/
2024-03-21 23:44:15,834 [WARN] DbFile:41 - Overriding database path with different value: C:\Users\MY PC\.stmcufinder\plugins\mcufinder/ => C:\Users\MY PC\.stmcufinder\plugins\mcufinder
2024-03-21 23:44:15,835 [INFO] DbMcusAds:125 - Set database path to: C:\Users\MY PC\.stmcufinder\plugins\mcufinder//mcu/
2024-03-21 23:44:15,835 [WARN] DbFile:41 - Overriding database path with different value: C:\Users\MY PC\.stmcufinder\plugins\mcufinder/ => C:\Users\MY PC\.stmcufinder\plugins\mcufinder
2024-03-21 23:44:15,835 [WARN] DbFile:41 - Overriding database path with different value: C:\Users\MY PC\.stmcufinder\plugins\mcufinder/ => C:\Users\MY PC\.stmcufinder\plugins\mcufinder
2024-03-21 23:44:15,835 [INFO] CrossReferenceDbSqlite:203 - Set database path to: C:\Users\MY PC\.stmcufinder\plugins\mcufinder//mcu/cs/
2024-03-21 23:44:15,868 [INFO] ApplicationProperties:184 - Using Application install path: C:\ST\STM32CubeIDE_1.14.1\STM32CubeIDE\plugins\com.st.stm32cube.common.mx_6.10.0.202311202037
2024-03-21 23:44:15,871 [INFO] PluginManage:196 - Search for loadable plugins [exclusion list=, ]
2024-03-21 23:44:15,874 [INFO] PluginManage:310 - Check plugin analytics
2024-03-21 23:44:20,753 [INFO] AnalyticsPlugin:253 - Accepted Software Licenses: 
2024-03-21 23:44:20,753 [INFO] AnalyticsPlugin:255 - Accepted CMSIS Pack Licenses: 
2024-03-21 23:44:20,753 [INFO] AnalyticsPlugin:257 - Accepted Firmware Licenses: 
2024-03-21 23:44:20,758 [INFO] PluginManage:359 - Loaded plugin analytics (category:tool,tabindex:-1)
2024-03-21 23:44:20,759 [INFO] PluginManage:310 - Check plugin cadmodel
2024-03-21 23:44:20,783 [INFO] CADModel:105 - Init CAD model plugin
2024-03-21 23:44:20,784 [INFO] PluginManage:359 - Loaded plugin cadmodel (category:power,tabindex:5)
2024-03-21 23:44:20,784 [INFO] PluginManage:310 - Check plugin clock
2024-03-21 23:44:20,820 [INFO] PluginManage:359 - Loaded plugin clock (category:base,tabindex:2)
2024-03-21 23:44:20,820 [INFO] PluginManage:310 - Check plugin ddr
2024-03-21 23:44:20,825 [INFO] PluginManage:359 - Loaded plugin ddr (category:tool,tabindex:6)
2024-03-21 23:44:20,825 [INFO] PluginManage:310 - Check plugin filemanager
2024-03-21 23:44:21,116 [INFO] PluginManage:359 - Loaded plugin filemanager (category:base,tabindex:10)
2024-03-21 23:44:21,116 [INFO] PluginManage:310 - Check plugin ipmanager
2024-03-21 23:44:21,127 [INFO] PluginManage:359 - Loaded plugin ipmanager (category:base,tabindex:5)
2024-03-21 23:44:21,127 [INFO] PluginManage:310 - Check plugin lpbam
2024-03-21 23:44:21,151 [INFO] PluginManage:359 - Loaded plugin lpbam (category:base,tabindex:0)
2024-03-21 23:44:21,152 [INFO] PluginManage:310 - Check plugin memorymap
2024-03-21 23:44:21,184 [INFO] PluginManage:359 - Loaded plugin memorymap (category:base,tabindex:4)
2024-03-21 23:44:21,184 [INFO] PluginManage:310 - Check plugin pinoutandconfiguration
2024-03-21 23:44:21,206 [INFO] PluginManage:359 - Loaded plugin pinoutandconfiguration (category:base,tabindex:1)
2024-03-21 23:44:21,206 [INFO] PluginManage:310 - Check plugin pinoutconfig
2024-03-21 23:44:21,382 [WARN] SupportedApi:132 - Cannot load RTOS API schema: s4s-elt-must-match.1: The content of 'definitions' must match (annotation?, (simpleType | complexType)?, (unique | key | keyref)*)). A problem was found starting at: attribute.
2024-03-21 23:44:21,698 [INFO] PluginManage:359 - Loaded plugin pinoutconfig (category:base,tabindex:0)
2024-03-21 23:44:21,698 [INFO] PluginManage:310 - Check plugin power
2024-03-21 23:44:21,731 [INFO] PluginManage:359 - Loaded plugin power (category:power,tabindex:4)
2024-03-21 23:44:21,732 [INFO] PluginManage:310 - Check plugin projectmanager
2024-03-21 23:44:21,770 [INFO] PluginManage:359 - Loaded plugin projectmanager (category:projectmanager,tabindex:3)
2024-03-21 23:44:21,770 [INFO] PluginManage:310 - Check plugin thirdparty
2024-03-21 23:44:22,235 [INFO] PluginManage:359 - Loaded plugin thirdparty (category:base,tabindex:-1)
2024-03-21 23:44:22,236 [INFO] PluginManage:310 - Check plugin tools
2024-03-21 23:44:22,250 [WARN] IntegrityCheckThread:84 - waiting for thirdparty lock release [integrity check]
2024-03-21 23:44:22,261 [INFO] IntegrityCheckThread:86 - entering critical section [integrity check]
2024-03-21 23:44:22,261 [INFO] ThirdPartyUpdaterWithRetryManager:70 - Updater plugin not ready yet. [1/15]
2024-03-21 23:44:22,410 [INFO] PluginManage:359 - Loaded plugin tools (category:base,tabindex:7)
2024-03-21 23:44:22,410 [INFO] PluginManage:310 - Check plugin tutovideos
2024-03-21 23:44:22,772 [INFO] PluginManage:359 - Loaded plugin tutovideos (category:base,tabindex:-1)
2024-03-21 23:44:22,772 [INFO] PluginManage:310 - Check plugin updater
2024-03-21 23:44:22,809 [INFO] PluginManage:359 - Loaded plugin updater (category:base,tabindex:12)
2024-03-21 23:44:22,810 [INFO] PluginManage:310 - Check plugin userauth
2024-03-21 23:44:22,820 [INFO] UserAuth:114 - Init User Auth plugin
2024-03-21 23:44:22,820 [INFO] PluginManage:359 - Loaded plugin userauth (category:base,tabindex:14)
2024-03-21 23:44:22,821 [INFO] PluginManage:283 - PluginManage : Loaded plugins [17]
2024-03-21 23:44:23,272 [INFO] PinOutPanel:1499 - setPackage(No Configuration,No Configuration)
2024-03-21 23:44:23,402 [INFO] CADModel:165 - CPN selected for project level
2024-03-21 23:44:23,402 [INFO] CADModel:114 - Register for checkConnection events
2024-03-21 23:44:23,438 [INFO] IPUIPlugin:80 - create IPUIPlugin
2024-03-21 23:44:23,439 [INFO] PluginManager:220 - loadIPPluginJar : add adc
2024-03-21 23:44:23,491 [INFO] IPUIPlugin:80 - create IPUIPlugin
2024-03-21 23:44:23,492 [INFO] PluginManager:220 - loadIPPluginJar : add aes
2024-03-21 23:44:23,549 [INFO] IPUIPlugin:80 - create IPUIPlugin
2024-03-21 23:44:23,549 [INFO] PluginManager:220 - loadIPPluginJar : add can
2024-03-21 23:44:23,582 [INFO] IPUIPlugin:80 - create IPUIPlugin
2024-03-21 23:44:23,582 [INFO] PluginManager:220 - loadIPPluginJar : add comp
2024-03-21 23:44:23,626 [INFO] IPUIPlugin:80 - create IPUIPlugin
2024-03-21 23:44:23,626 [INFO] PluginManager:220 - loadIPPluginJar : add cryp
2024-03-21 23:44:23,667 [INFO] IPUIPlugin:80 - create IPUIPlugin
2024-03-21 23:44:23,667 [INFO] PluginManager:220 - loadIPPluginJar : add dfsdm
2024-03-21 23:44:23,685 [INFO] IPUIPlugin:80 - create IPUIPlugin
2024-03-21 23:44:23,686 [INFO] PluginManager:220 - loadIPPluginJar : add dma
2024-03-21 23:44:23,738 [INFO] IPUIPlugin:80 - create IPUIPlugin
2024-03-21 23:44:23,738 [INFO] PluginManager:220 - loadIPPluginJar : add dma3
2024-03-21 23:44:23,763 [INFO] IPUIPlugin:80 - create IPUIPlugin
2024-03-21 23:44:23,764 [INFO] PluginManager:220 - loadIPPluginJar : add fatfs
2024-03-21 23:44:23,825 [INFO] IPUIPlugin:80 - create IPUIPlugin
2024-03-21 23:44:23,825 [INFO] PluginManager:220 - loadIPPluginJar : add fmc
2024-03-21 23:44:23,845 [INFO] IPUIPlugin:80 - create IPUIPlugin
2024-03-21 23:44:23,846 [INFO] PluginManager:220 - loadIPPluginJar : add freertos
2024-03-21 23:44:23,871 [INFO] IPUIPlugin:80 - create IPUIPlugin
2024-03-21 23:44:23,871 [INFO] PluginManager:220 - loadIPPluginJar : add genericplugin
2024-03-21 23:44:23,993 [INFO] IPUIPlugin:80 - create IPUIPlugin
2024-03-21 23:44:23,993 [INFO] PluginManager:220 - loadIPPluginJar : add gfxmmu
2024-03-21 23:44:24,172 [INFO] IPUIPlugin:80 - create IPUIPlugin
2024-03-21 23:44:24,172 [INFO] PluginManager:220 - loadIPPluginJar : add gic
2024-03-21 23:44:24,193 [INFO] IPUIPlugin:80 - create IPUIPlugin
2024-03-21 23:44:24,193 [INFO] PluginManager:220 - loadIPPluginJar : add gpio
2024-03-21 23:44:24,313 [INFO] IPUIPlugin:80 - create IPUIPlugin
2024-03-21 23:44:24,313 [INFO] PluginManager:220 - loadIPPluginJar : add gtzc
2024-03-21 23:44:24,353 [INFO] IPUIPlugin:80 - create IPUIPlugin
2024-03-21 23:44:24,353 [INFO] PluginManager:220 - loadIPPluginJar : add hash
2024-03-21 23:44:24,422 [INFO] IPUIPlugin:80 - create IPUIPlugin
2024-03-21 23:44:24,422 [INFO] PluginManager:220 - loadIPPluginJar : add i2c
2024-03-21 23:44:24,472 [INFO] IPUIPlugin:80 - create IPUIPlugin
2024-03-21 23:44:24,472 [INFO] PluginManager:220 - loadIPPluginJar : add i2s
2024-03-21 23:44:24,528 [INFO] IPUIPlugin:80 - create IPUIPlugin
2024-03-21 23:44:24,528 [INFO] PluginManager:220 - loadIPPluginJar : add i3c
2024-03-21 23:44:24,686 [INFO] IPUIPlugin:80 - create IPUIPlugin
2024-03-21 23:44:24,687 [INFO] PluginManager:220 - loadIPPluginJar : add ipddr
2024-03-21 23:44:24,812 [INFO] IPUIPlugin:80 - create IPUIPlugin
2024-03-21 23:44:24,812 [INFO] PluginManager:220 - loadIPPluginJar : add linkedlist
2024-03-21 23:44:24,859 [INFO] IPUIPlugin:80 - create IPUIPlugin
2024-03-21 23:44:24,859 [INFO] PluginManager:220 - loadIPPluginJar : add lorawan
2024-03-21 23:44:24,904 [INFO] IPUIPlugin:80 - create IPUIPlugin
2024-03-21 23:44:24,905 [INFO] PluginManager:220 - loadIPPluginJar : add ltdc
2024-03-21 23:44:24,923 [INFO] IPUIPlugin:80 - create IPUIPlugin
2024-03-21 23:44:24,924 [INFO] PluginManager:220 - loadIPPluginJar : add mdma
2024-03-21 23:44:24,941 [INFO] IPUIPlugin:80 - create IPUIPlugin
2024-03-21 23:44:24,941 [INFO] PluginManager:220 - loadIPPluginJar : add nvic
2024-03-21 23:44:24,985 [INFO] IPUIPlugin:80 - create IPUIPlugin
2024-03-21 23:44:24,985 [INFO] PluginManager:220 - loadIPPluginJar : add opamp
2024-03-21 23:44:25,061 [INFO] IPUIPlugin:80 - create IPUIPlugin
2024-03-21 23:44:25,061 [INFO] PluginManager:220 - loadIPPluginJar : add openamp
2024-03-21 23:44:25,119 [INFO] IPUIPlugin:80 - create IPUIPlugin
2024-03-21 23:44:25,119 [INFO] PluginManager:220 - loadIPPluginJar : add pdm2pcm
2024-03-21 23:44:25,140 [INFO] IPUIPlugin:80 - create IPUIPlugin
2024-03-21 23:44:25,143 [INFO] PluginManager:220 - loadIPPluginJar : add plateformsettings
2024-03-21 23:44:25,170 [INFO] IPUIPlugin:80 - create IPUIPlugin
2024-03-21 23:44:25,170 [INFO] PluginManager:220 - loadIPPluginJar : add quadspi
2024-03-21 23:44:25,187 [INFO] IPUIPlugin:80 - create IPUIPlugin
2024-03-21 23:44:25,187 [INFO] PluginManager:220 - loadIPPluginJar : add resmgrutility
2024-03-21 23:44:25,249 [INFO] IPUIPlugin:80 - create IPUIPlugin
2024-03-21 23:44:25,249 [INFO] PluginManager:220 - loadIPPluginJar : add sai
2024-03-21 23:44:25,263 [INFO] ThirdPartyUpdaterWithRetryManager:70 - Updater plugin not ready yet. [2/15]
2024-03-21 23:44:25,295 [INFO] IPUIPlugin:80 - create IPUIPlugin
2024-03-21 23:44:25,296 [INFO] PluginManager:220 - loadIPPluginJar : add spi
2024-03-21 23:44:25,378 [INFO] IPUIPlugin:80 - create IPUIPlugin
2024-03-21 23:44:25,378 [INFO] PluginManager:220 - loadIPPluginJar : add stm32_wpan
2024-03-21 23:44:25,406 [INFO] IPUIPlugin:80 - create IPUIPlugin
2024-03-21 23:44:25,406 [INFO] PluginManager:220 - loadIPPluginJar : add tim
2024-03-21 23:44:25,472 [INFO] IPUIPlugin:80 - create IPUIPlugin
2024-03-21 23:44:25,472 [INFO] PluginManager:220 - loadIPPluginJar : add touchsensing
2024-03-21 23:44:25,498 [INFO] IPUIPlugin:80 - create IPUIPlugin
2024-03-21 23:44:25,499 [INFO] PluginManager:220 - loadIPPluginJar : add tracer_emb
2024-03-21 23:44:25,530 [INFO] IPUIPlugin:80 - create IPUIPlugin
2024-03-21 23:44:25,530 [INFO] PluginManager:220 - loadIPPluginJar : add ts
2024-03-21 23:44:25,557 [INFO] IPUIPlugin:80 - create IPUIPlugin
2024-03-21 23:44:25,558 [INFO] PluginManager:220 - loadIPPluginJar : add tsc
2024-03-21 23:44:25,585 [INFO] IPUIPlugin:80 - create IPUIPlugin
2024-03-21 23:44:25,585 [INFO] PluginManager:220 - loadIPPluginJar : add ucpd
2024-03-21 23:44:25,642 [INFO] IPUIPlugin:80 - create IPUIPlugin
2024-03-21 23:44:25,642 [INFO] PluginManager:220 - loadIPPluginJar : add usart
2024-03-21 23:44:25,707 [INFO] IPUIPlugin:80 - create IPUIPlugin
2024-03-21 23:44:25,708 [INFO] PluginManager:220 - loadIPPluginJar : add usbx
2024-03-21 23:44:25,892 [INFO] CADModel:165 - CPN selected for project level
2024-03-21 23:44:25,892 [INFO] CADModel:114 - Register for checkConnection events
2024-03-21 23:44:25,893 [FATAL] Updater:308 - Updater called before beeing initialized
2024-03-21 23:44:25,893 [ERROR] CADModel:125 - Updater not yet initialized, retry later 
2024-03-21 23:44:26,102 [INFO] CADModel:165 - CPN selected for project level
2024-03-21 23:44:26,102 [INFO] CADModel:114 - Register for checkConnection events
2024-03-21 23:44:26,102 [FATAL] Updater:308 - Updater called before beeing initialized
2024-03-21 23:44:26,102 [ERROR] CADModel:125 - Updater not yet initialized, retry later 
2024-03-21 23:44:26,107 [FATAL] Updater:308 - Updater called before beeing initialized
2024-03-21 23:44:26,287 [FATAL] Updater:308 - Updater called before beeing initialized
2024-03-21 23:44:26,300 [INFO] DbMcusAds:53 - JSON generation date=Wed Nov 29 16:22:27 IST 2023 (1701255147349)
2024-03-21 23:44:26,300 [FATAL] Updater:308 - Updater called before beeing initialized
2024-03-21 23:44:26,411 [WARN] DetailPanel:346 - Failed to get advertising image, set to default
2024-03-21 23:44:26,554 [FATAL] Updater:308 - Updater called before beeing initialized
2024-03-21 23:44:26,557 [FATAL] Updater:308 - Updater called before beeing initialized
2024-03-21 23:44:26,557 [FATAL] Updater:308 - Updater called before beeing initialized
2024-03-21 23:44:26,557 [WARN] DetailPanel:346 - Failed to get advertising image, set to default
2024-03-21 23:44:26,558 [FATAL] Updater:308 - Updater called before beeing initialized
2024-03-21 23:44:26,656 [ERROR] Updater:1120 - MainUpdater not yet initialized. External WinMGr cannot be set.
2024-03-21 23:44:26,669 [INFO] Updater:1056 - Updater Version found : 6.10.0
2024-03-21 23:44:26,696 [INFO] ApplicationProperties:184 - Using Application install path: C:\ST\STM32CubeIDE_1.14.1\STM32CubeIDE\plugins\com.st.stm32cube.common.mx_6.10.0.202311202037
2024-03-21 23:44:28,264 [INFO] ThirdPartyUpdaterWithRetryManager:70 - Updater plugin not ready yet. [3/15]
2024-03-21 23:44:28,290 [ERROR] LogOutputStream:75 - [STDERR_REDIRECT] Mar 21, 2024 11:44:28 PM java.util.prefs.WindowsPreferences <init>
2024-03-21 23:44:28,292 [ERROR] LogOutputStream:75 - [STDERR_REDIRECT] WARNING: Could not open/create prefs root node Software\JavaSoft\Prefs at root 0xffffffff80000002. Windows RegCreateKeyEx(...) returned error code 5.
2024-03-21 23:44:28,293 [ERROR] LogOutputStream:75 - [STDERR_REDIRECT] 
2024-03-21 23:44:28,742 [INFO] MainUpdater:2873 - connection check result : 10
2024-03-21 23:44:28,744 [INFO] MainUpdater:290 - Updater Check For Update Now.
2024-03-21 23:44:28,744 [INFO] MicroXplorer:498 - Change Database Version : DB.6.0.100
2024-03-21 23:44:28,777 [INFO] McuFinderGlobals:63 - Set McuFinder mode to 2 (CubeIDE integrated)
2024-03-21 23:44:28,777 [INFO] UserAuth:180 - activating auth plugin
2024-03-21 23:44:28,793 [INFO] UserAuth:404 - Internet connection configuration mode: 1
2024-03-21 23:44:28,849 [INFO] JxBrowserEngine:152 - Initiate JxBrowser Engine with user profile folder
2024-03-21 23:44:29,057 [INFO] CheckServerUpdateThread:120 - End of CheckServer Thread
2024-03-21 23:44:31,641 [WARN] PackLoader:240 - Cannot read IP mode file for STMicroelectronics.X-CUBE-SMBUS.2.1.0
2024-03-21 23:44:31,660 [WARN] PackLoader:240 - Cannot read IP mode file for STMicroelectronics.X-CUBE-TOUCHGFX.4.23.0
2024-03-21 23:44:31,858 [WARN] PackLoader:240 - Cannot read IP mode file for STMicroelectronics.X-CUBE-MEMS1.9.2.0
2024-03-21 23:44:32,287 [WARN] PackLoader:240 - Cannot read IP mode file for STMicroelectronics.X-CUBE-AZRTOS-F7.1.1.0
2024-03-21 23:44:32,319 [WARN] PackLoader:240 - Cannot read IP mode file for STMicroelectronics.X-CUBE-AI.7.1.0
2024-03-21 23:44:32,345 [WARN] PackLoader:240 - Cannot read IP mode file for STMicroelectronics.X-CUBE-TOUCHGFX.4.19.1
2024-03-21 23:44:32,366 [WARN] PackLoader:240 - Cannot read IP mode file for STMicroelectronics.FP-SNS-MOTENV1.4.3.2
2024-03-21 23:44:32,389 [WARN] PackLoader:240 - Cannot read IP mode file for STMicroelectronics.FP-SNS-FLIGHT1.5.0.1
2024-03-21 23:44:32,414 [WARN] PackLoader:240 - Cannot read IP mode file for STMicroelectronics.X-CUBE-BLE1.6.2.3
2024-03-21 23:44:32,452 [WARN] PackLoader:240 - Cannot read IP mode file for STMicroelectronics.X-CUBE-BLE1.6.2.4
2024-03-21 23:44:32,471 [WARN] PackLoader:240 - Cannot read IP mode file for STMicroelectronics.FP-SNS-FLIGHT1.5.0.2
2024-03-21 23:44:32,498 [WARN] PackLoader:240 - Cannot read IP mode file for STMicroelectronics.X-CUBE-BLE2.3.2.2
2024-03-21 23:44:32,532 [WARN] PackLoader:240 - Cannot read IP mode file for STMicroelectronics.X-CUBE-TOF1.3.1.0
2024-03-21 23:44:32,606 [WARN] PackLoader:240 - Cannot read IP mode file for STMicroelectronics.X-CUBE-DISPLAY.3.0.0
2024-03-21 23:44:32,632 [WARN] PackLoader:240 - Cannot read IP mode file for STMicroelectronics.X-CUBE-BLE1.7.0.0
2024-03-21 23:44:32,672 [WARN] PackLoader:240 - Cannot read IP mode file for STMicroelectronics.X-CUBE-TOUCHGFX.4.22.0
2024-03-21 23:44:32,716 [WARN] PackLoader:240 - Cannot read IP mode file for STMicroelectronics.X-CUBE-TOUCHGFX.4.22.1
2024-03-21 23:44:32,861 [WARN] PackLoader:240 - Cannot read IP mode file for STMicroelectronics.X-CUBE-MEMS1.9.3.0
2024-03-21 23:44:33,129 [WARN] PackLoader:240 - Cannot read IP mode file for STMicroelectronics.X-CUBE-AI.7.2.0
2024-03-21 23:44:33,206 [WARN] PackLoader:240 - Cannot read IP mode file for STMicroelectronics.X-CUBE-BLEMGR.3.1.0
2024-03-21 23:44:33,239 [WARN] PackLoader:240 - Cannot read IP mode file for STMicroelectronics.FP-SNS-SMARTAG2.1.2.0
2024-03-21 23:44:33,638 [INFO] LogOutputStream:77 - [STDOUT_REDIRECT] 1 : Invalid condition id : UX_CORESTACK_Condition cause : null
2024-03-21 23:44:33,639 [INFO] LogOutputStream:77 - [STDOUT_REDIRECT] 1 : Invalid condition id : UX_CORESTACK_Condition cause : null
2024-03-21 23:44:33,642 [INFO] LogOutputStream:77 - [STDOUT_REDIRECT] 1 : Invalid condition id : UX_CORESTACK_Condition cause : null
2024-03-21 23:44:33,645 [INFO] LogOutputStream:77 - [STDOUT_REDIRECT] 1 : Invalid condition id : UX_CORESTACK_Condition cause : null
2024-03-21 23:44:33,648 [INFO] LogOutputStream:77 - [STDOUT_REDIRECT] 1 : Invalid condition id : UX_CORESTACK_Condition cause : null
2024-03-21 23:44:33,655 [WARN] PackLoader:240 - Cannot read IP mode file for STMicroelectronics.X-CUBE-AZRTOS-WL.2.0.0
2024-03-21 23:44:33,683 [WARN] PackLoader:240 - Cannot read IP mode file for WES.I-CUBE-Cesium.1.3.0
2024-03-21 23:44:33,704 [WARN] PackLoader:240 - Cannot read IP mode file for STMicroelectronics.X-CUBE-BLE2.3.3.0
2024-03-21 23:44:33,735 [WARN] PackLoader:240 - Cannot read IP mode file for STMicroelectronics.X-CUBE-DISPLAY.2.2.0
2024-03-21 23:44:33,777 [WARN] PackLoader:240 - Cannot read IP mode file for STMicroelectronics.X-CUBE-ISPU.1.0.0
2024-03-21 23:44:33,916 [WARN] PackLoader:240 - Cannot read IP mode file for STMicroelectronics.X-CUBE-AZRTOS-H7.2.1.0
2024-03-21 23:44:33,946 [WARN] PackLoader:240 - Cannot read IP mode file for STMicroelectronics.X-CUBE-ALGOBUILD.1.3.0
2024-03-21 23:44:33,999 [WARN] PackLoader:240 - Cannot read IP mode file for STMicroelectronics.X-CUBE-AZRTOS-G0.1.1.0
2024-03-21 23:44:34,086 [WARN] PackLoader:240 - Cannot read IP mode file for STMicroelectronics.X-CUBE-NFC4.3.0.0
2024-03-21 23:44:34,222 [WARN] PackLoader:240 - Cannot read IP mode file for SEGGER.I-CUBE-embOS.1.2.0
2024-03-21 23:44:34,421 [WARN] PackLoader:240 - Cannot read IP mode file for STMicroelectronics.X-CUBE-BLEMGR.3.0.0
2024-03-21 23:44:34,444 [WARN] PackLoader:240 - Cannot read IP mode file for STMicroelectronics.FP-ATR-SIGFOX1.3.2.0
2024-03-21 23:44:34,543 [WARN] PackLoader:240 - Cannot read IP mode file for STMicroelectronics.X-CUBE-EEPRMA1.5.1.0
2024-03-21 23:44:34,556 [INFO] WebApp:161 - Instantiating new browser for Auth
2024-03-21 23:44:34,718 [WARN] PackLoader:240 - Cannot read IP mode file for emotas.I-CUBE-CANOPEN.1.1.2
2024-03-21 23:44:34,781 [WARN] PackLoader:240 - Cannot read IP mode file for STMicroelectronics.X-CUBE-TOUCHGFX.4.20.0
2024-03-21 23:44:34,930 [WARN] PackLoader:240 - Cannot read IP mode file for SEGGER.I-CUBE-embOS.1.3.1
2024-03-21 23:44:35,032 [WARN] PackLoader:240 - Cannot read IP mode file for STMicroelectronics.X-CUBE-TOF1.3.0.0
2024-03-21 23:44:35,055 [WARN] PackLoader:240 - Cannot read IP mode file for STMicroelectronics.X-CUBE-GNSS1.6.0.0
2024-03-21 23:44:35,105 [WARN] PackLoader:240 - Cannot read IP mode file for STMicroelectronics.X-CUBE-AZRTOS-F4.1.1.0
2024-03-21 23:44:35,163 [WARN] PackLoader:240 - Cannot read IP mode file for STMicroelectronics.X-CUBE-AZRTOS-L5.2.0.0
2024-03-21 23:44:35,254 [WARN] PackLoader:240 - Cannot read IP mode file for STMicroelectronics.X-CUBE-MEMS1.9.6.0
2024-03-21 23:44:35,507 [WARN] PackLoader:240 - Cannot read IP mode file for STMicroelectronics.X-CUBE-EEPRMA1.4.2.0
2024-03-21 23:44:35,528 [WARN] PackLoader:240 - Cannot read IP mode file for ITTIA_DB.I-CUBE-ITTIADB.8.8.0
2024-03-21 23:44:35,553 [WARN] PackLoader:240 - Cannot read IP mode file for STMicroelectronics.X-CUBE-BLEMGR.2.0.0
2024-03-21 23:44:35,574 [WARN] PackLoader:240 - Cannot read IP mode file for STMicroelectronics.X-CUBE-NFC4.2.0.4
2024-03-21 23:44:35,621 [WARN] ConditionMgr:438 - getConditionDescription Invalid condition id : UX DEVICE CLASS RTOS Condition cause : null
2024-03-21 23:44:35,621 [WARN] ConditionMgr:438 - getConditionDescription Invalid condition id : UX DEVICE CLASS RTOS Condition cause : null
2024-03-21 23:44:35,630 [WARN] PackLoader:240 - Cannot read IP mode file for STMicroelectronics.X-CUBE-AZRTOS-H7.3.1.0
2024-03-21 23:44:35,631 [WARN] ConditionMgr:1039 - genDependencies : Invalid condition id : UX DEVICE CLASS RTOS Condition cause : null
2024-03-21 23:44:35,632 [WARN] ConditionMgr:1039 - genDependencies : Invalid condition id : UX DEVICE CLASS RTOS Condition cause : null
2024-03-21 23:44:35,633 [WARN] ConditionMgr:1039 - genDependencies : Invalid condition id : UX DEVICE CLASS RTOS Condition cause : null
2024-03-21 23:44:35,634 [WARN] ConditionMgr:1039 - genDependencies : Invalid condition id : UX DEVICE CLASS RTOS Condition cause : null
2024-03-21 23:44:35,634 [WARN] ConditionMgr:1039 - genDependencies : Invalid condition id : UX DEVICE CLASS RTOS Condition cause : null
2024-03-21 23:44:35,658 [WARN] PackLoader:240 - Cannot read IP mode file for STMicroelectronics.X-CUBE-SFXS2LP1.3.1.0
2024-03-21 23:44:35,739 [WARN] PackLoader:240 - Cannot read IP mode file for STMicroelectronics.X-CUBE-AZRTOS-F4.1.0.0
2024-03-21 23:44:35,796 [WARN] PackLoader:240 - Cannot read IP mode file for STMicroelectronics.X-CUBE-NFC7.1.0.1
2024-03-21 23:44:35,969 [WARN] PackLoader:240 - Cannot read IP mode file for STMicroelectronics.X-CUBE-NFC7.1.0.0
2024-03-21 23:44:36,046 [WARN] PackLoader:240 - Cannot read IP mode file for STMicroelectronics.X-CUBE-NFC6.3.0.0
2024-03-21 23:44:36,087 [WARN] PackLoader:240 - Cannot read IP mode file for STMicroelectronics.X-CUBE-EEPRMA1.4.1.0
2024-03-21 23:44:36,107 [WARN] PackLoader:240 - Cannot read IP mode file for STMicroelectronics.X-CUBE-AI.8.1.0
2024-03-21 23:44:36,163 [WARN] PackLoader:240 - Cannot read IP mode file for STMicroelectronics.X-CUBE-AZRTOS-G0.1.0.0
2024-03-21 23:44:36,255 [WARN] ConditionMgr:438 - getConditionDescription Invalid condition id : LAN8742 Phy interface Condition cause : null
2024-03-21 23:44:36,256 [WARN] PackLoader:240 - Cannot read IP mode file for STMicroelectronics.X-CUBE-AZRTOS-L4.2.0.0
2024-03-21 23:44:36,258 [WARN] ConditionMgr:1039 - genDependencies : Invalid condition id : LAN8742 Phy interface Condition cause : null
2024-03-21 23:44:36,258 [WARN] ConditionMgr:1039 - genDependencies : Invalid condition id : LAN8742 Phy interface Condition cause : null
2024-03-21 23:44:36,259 [WARN] ConditionMgr:1039 - genDependencies : Invalid condition id : LAN8742 Phy interface Condition cause : null
2024-03-21 23:44:36,290 [WARN] PackLoader:240 - Cannot read IP mode file for STMicroelectronics.X-CUBE-SFXS2LP1.4.0.0
2024-03-21 23:44:36,314 [WARN] PackLoader:240 - Cannot read IP mode file for STMicroelectronics.X-CUBE-ISPU.1.1.0
2024-03-21 23:44:36,343 [WARN] PackLoader:240 - Cannot read IP mode file for RoweBots.I-CUBE-UNISONRTOS.5.5.0-4
2024-03-21 23:44:36,401 [WARN] ConditionMgr:438 - getConditionDescription Invalid condition id : UX DEVICE CLASS RTOS Condition cause : null
2024-03-21 23:44:36,401 [WARN] ConditionMgr:438 - getConditionDescription Invalid condition id : UX DEVICE CLASS RTOS Condition cause : null
2024-03-21 23:44:36,406 [WARN] PackLoader:240 - Cannot read IP mode file for STMicroelectronics.X-CUBE-AZRTOS-WB.2.0.0
2024-03-21 23:44:36,407 [WARN] ConditionMgr:1039 - genDependencies : Invalid condition id : UX DEVICE CLASS RTOS Condition cause : null
2024-03-21 23:44:36,407 [WARN] ConditionMgr:1039 - genDependencies : Invalid condition id : UX DEVICE CLASS RTOS Condition cause : null
2024-03-21 23:44:36,409 [WARN] ConditionMgr:1039 - genDependencies : Invalid condition id : UX DEVICE CLASS RTOS Condition cause : null
2024-03-21 23:44:36,410 [WARN] ConditionMgr:1039 - genDependencies : Invalid condition id : UX DEVICE CLASS RTOS Condition cause : null
2024-03-21 23:44:36,410 [WARN] ConditionMgr:1039 - genDependencies : Invalid condition id : UX DEVICE CLASS RTOS Condition cause : null
2024-03-21 23:44:36,432 [WARN] PackLoader:240 - Cannot read IP mode file for STMicroelectronics.X-CUBE-FREERTOS.1.0.1
2024-03-21 23:44:36,464 [WARN] PackLoader:240 - Cannot read IP mode file for STMicroelectronics.X-CUBE-BLEMGR.1.0.0
2024-03-21 23:44:36,524 [WARN] PackLoader:240 - Cannot read IP mode file for STMicroelectronics.X-CUBE-AZRTOS-L5.1.1.0
2024-03-21 23:44:36,546 [WARN] PackLoader:240 - Cannot read IP mode file for STMicroelectronics.X-CUBE-AI.8.0.1
2024-03-21 23:44:36,611 [WARN] PackLoader:240 - Cannot read IP mode file for STMicroelectronics.X-CUBE-SUBG2.5.0.0
2024-03-21 23:44:36,665 [WARN] PackLoader:240 - Cannot read IP mode file for STMicroelectronics.X-CUBE-TOF1.3.3.1
2024-03-21 23:44:36,729 [WARN] PackLoader:240 - Cannot read IP mode file for STMicroelectronics.X-CUBE-AZRTOS-G4.2.0.0
2024-03-21 23:44:36,762 [WARN] PackLoader:240 - Cannot read IP mode file for STMicroelectronics.X-CUBE-TOF1.3.3.0
2024-03-21 23:44:36,843 [WARN] PackLoader:240 - Cannot read IP mode file for STMicroelectronics.FP-ATR-ASTRA1.1.1.1
2024-03-21 23:44:36,885 [WARN] PackLoader:240 - Cannot read IP mode file for Infineon.AIROC-Wi-Fi-Bluetooth-STM32.1.5.1
2024-03-21 23:44:36,908 [WARN] PackLoader:240 - Cannot read IP mode file for STMicroelectronics.FP-ATR-ASTRA1.1.1.0
2024-03-21 23:44:36,938 [WARN] PackLoader:240 - Cannot read IP mode file for STMicroelectronics.FP-SNS-MOTENVWB1.1.3.0
2024-03-21 23:44:36,958 [WARN] PackLoader:240 - Cannot read IP mode file for STMicroelectronics.FP-SNS-MOTENVWB1.1.3.1
2024-03-21 23:44:37,023 [WARN] PackLoader:240 - Cannot read IP mode file for STMicroelectronics.X-CUBE-AZRTOS-G4.1.0.0
2024-03-21 23:44:37,045 [WARN] PackLoader:240 - Cannot read IP mode file for wolfSSL.I-CUBE-wolfSSL.5.3.0
2024-03-21 23:44:37,099 [WARN] PackLoader:240 - Cannot read IP mode file for STMicroelectronics.X-CUBE-AZRTOS-L4.1.0.0
2024-03-21 23:44:37,122 [WARN] PackLoader:240 - Cannot read IP mode file for STMicroelectronics.X-CUBE-ISPU.2.0.0
2024-03-21 23:44:37,246 [INFO] WebApp:780 - Register for checkConnection events
2024-03-21 23:44:37,246 [INFO] WebApp:414 - Apply proxy settings
2024-03-21 23:44:37,247 [INFO] WebApp:499 - Chromium requires no authentication
2024-03-21 23:44:37,265 [INFO] WebApp:442 - Direct internet connection detected
2024-03-21 23:44:37,279 [WARN] PackLoader:240 - Cannot read IP mode file for STMicroelectronics.X-CUBE-MEMS1.10.0.0
2024-03-21 23:44:37,518 [WARN] PackLoader:240 - Cannot read IP mode file for STMicroelectronics.X-CUBE-FREERTOS.1.1.0
2024-03-21 23:44:37,563 [WARN] PackLoader:240 - Cannot read IP mode file for STMicroelectronics.X-CUBE-AZRTOS-F7.1.0.0
2024-03-21 23:44:37,602 [WARN] PackLoader:240 - Cannot read IP mode file for STMicroelectronics.X-CUBE-AZRTOS-WL.1.0.0
2024-03-21 23:44:37,629 [WARN] PackLoader:240 - Cannot read IP mode file for portGmbH.I-Cube-SoM-uGOAL.1.1.0
2024-03-21 23:44:37,649 [WARN] PackLoader:240 - Cannot read IP mode file for STMicroelectronics.X-CUBE-ALS.1.0.1
2024-03-21 23:44:37,694 [WARN] PackLoader:240 - Cannot read IP mode file for STMicroelectronics.X-CUBE-AZRTOS-WB.1.1.0
2024-03-21 23:44:37,718 [INFO] WebApp:192 - Starting web application
2024-03-21 23:44:37,718 [INFO] WebApp:544 - Web application path used C:\ST\STM32CubeIDE_1.14.1\STM32CubeIDE\plugins\com.st.stm32cube.common.mx_6.10.0.202311202037\db\plugins\mcufinder\reactClient1\index.html
2024-03-21 23:44:37,742 [WARN] PackLoader:240 - Cannot read IP mode file for STMicroelectronics.X-CUBE-AZRTOS-L5.1.0.0
2024-03-21 23:44:37,782 [WARN] PackLoader:240 - Cannot read IP mode file for STMicroelectronics.X-CUBE-EEPRMA1.3.1.1
2024-03-21 23:44:37,813 [WARN] PackLoader:240 - Cannot read IP mode file for STMicroelectronics.X-CUBE-GNSS1.5.2.0
2024-03-21 23:44:37,899 [WARN] PackLoader:240 - Cannot read IP mode file for STMicroelectronics.FP-ATR-ASTRA1.2.0.0
2024-03-21 23:44:37,927 [WARN] PackLoader:240 - Cannot read IP mode file for STMicroelectronics.X-CUBE-TOF1.3.4.0
2024-03-21 23:44:37,973 [WARN] PackLoader:240 - Cannot read IP mode file for STMicroelectronics.X-CUBE-TOF1.3.4.1
2024-03-21 23:44:38,038 [WARN] PackLoader:240 - Cannot read IP mode file for STMicroelectronics.X-CUBE-AZRTOS-H7.3.2.0
2024-03-21 23:44:38,042 [INFO] ThirdParty:978 - Integrity check success = true
2024-03-21 23:44:38,043 [INFO] IntegrityCheckThread:100 - exiting critical section [integrity check]
2024-03-21 23:44:38,043 [INFO] IntegrityCheckThread:103 - End integrity checks thread
2024-03-21 23:44:59,438 [ERROR] LogOutputStream:75 - [STDERR_REDIRECT] SLF4J: Failed to load class "org.slf4j.impl.StaticLoggerBinder".
2024-03-21 23:44:59,439 [ERROR] LogOutputStream:75 - [STDERR_REDIRECT] SLF4J: Defaulting to no-operation (NOP) logger implementation
2024-03-21 23:44:59,441 [ERROR] LogOutputStream:75 - [STDERR_REDIRECT] SLF4J: See http://www.slf4j.org/codes.html#StaticLoggerBinder for further details.
