2024-03-18 23:50:05,666 [INFO] Activator:176 - 


2024-03-18 23:50:05,674 [INFO] Activator:177 - !SESSION log4j initialized
2024-03-18 23:50:15,529 [INFO] LogOutputStream:77 - [STDOUT_REDIRECT] 
2024-03-18 23:50:22,185 [INFO] ApplicationProperties:184 - Using Application install path: C:\ST\STM32CubeIDE_1.14.1\STM32CubeIDE\plugins\com.st.stm32cube.common.mx_6.10.0.202311202037
2024-03-18 23:50:22,214 [INFO] DbMcusXml:78 - Set database path to: C:\ST\STM32CubeIDE_1.14.1\STM32CubeIDE\plugins\com.st.stm32cube.common.mx_6.10.0.202311202037\\db\/mcu/
2024-03-18 23:50:22,214 [INFO] ApiDb:274 - Set plugin database path to: C:\ST\STM32CubeIDE_1.14.1\STM32CubeIDE\plugins\com.st.stm32cube.common.mx_6.10.0.202311202037\\db\/plugins/boardmanager/
2024-03-18 23:50:22,215 [WARN] ApiDb:259 - Overriding images path with different value:  => C:\ST\STM32CubeIDE_1.14.1\STM32CubeIDE\plugins\com.st.stm32cube.common.mx_6.10.0.202311202037\\db\/plugins/mcufinder/images/
2024-03-18 23:50:22,226 [INFO] ApiDb:250 - Set database path to: C:\Users\MY PC\.stmcufinder\plugins\mcufinder//mcu/
2024-03-18 23:50:22,228 [INFO] DbMcusAds:125 - Set database path to: C:\Users\MY PC\.stmcufinder\plugins\mcufinder//mcu/
2024-03-18 23:50:22,231 [INFO] CrossReferenceDbSqlite:203 - Set database path to: C:\Users\MY PC\.stmcufinder\plugins\mcufinder//mcu/cs/
2024-03-18 23:50:22,437 [INFO] RulesReader:64 - Compatibility file has been processed (297 Rules)
2024-03-18 23:50:22,603 [INFO] DbMcusXml:78 - Set database path to: C:\ST\STM32CubeIDE_1.14.1\STM32CubeIDE\plugins\com.st.stm32cube.common.mx_6.10.0.202311202037\\db\/mcu/
2024-03-18 23:50:22,604 [INFO] ApiDb:274 - Set plugin database path to: C:\ST\STM32CubeIDE_1.14.1\STM32CubeIDE\plugins\com.st.stm32cube.common.mx_6.10.0.202311202037\\db\/plugins/boardmanager/
2024-03-18 23:50:22,604 [INFO] ApiDb:261 - Set plugin images path to: C:\ST\STM32CubeIDE_1.14.1\STM32CubeIDE\plugins\com.st.stm32cube.common.mx_6.10.0.202311202037\\db\/plugins/mcufinder/images/
2024-03-18 23:50:22,604 [WARN] DbFile:41 - Overriding database path with different value: C:\Users\MY PC\.stmcufinder\plugins\mcufinder/ => C:\Users\MY PC\.stmcufinder\plugins\mcufinder
2024-03-18 23:50:22,604 [INFO] ApiDb:250 - Set database path to: C:\Users\MY PC\.stmcufinder\plugins\mcufinder//mcu/
2024-03-18 23:50:22,605 [WARN] DbFile:41 - Overriding database path with different value: C:\Users\MY PC\.stmcufinder\plugins\mcufinder/ => C:\Users\MY PC\.stmcufinder\plugins\mcufinder
2024-03-18 23:50:22,605 [INFO] DbMcusAds:125 - Set database path to: C:\Users\MY PC\.stmcufinder\plugins\mcufinder//mcu/
2024-03-18 23:50:22,605 [WARN] DbFile:41 - Overriding database path with different value: C:\Users\MY PC\.stmcufinder\plugins\mcufinder/ => C:\Users\MY PC\.stmcufinder\plugins\mcufinder
2024-03-18 23:50:22,605 [WARN] DbFile:41 - Overriding database path with different value: C:\Users\MY PC\.stmcufinder\plugins\mcufinder/ => C:\Users\MY PC\.stmcufinder\plugins\mcufinder
2024-03-18 23:50:22,605 [INFO] CrossReferenceDbSqlite:203 - Set database path to: C:\Users\MY PC\.stmcufinder\plugins\mcufinder//mcu/cs/
2024-03-18 23:50:22,752 [INFO] MainPanel:264 - HeapMemory: 268435456
2024-03-18 23:50:22,929 [INFO] DbMcusXml:78 - Set database path to: C:\ST\STM32CubeIDE_1.14.1\STM32CubeIDE\plugins\com.st.stm32cube.common.mx_6.10.0.202311202037\\db\/mcu/
2024-03-18 23:50:22,929 [INFO] ApiDb:274 - Set plugin database path to: C:\ST\STM32CubeIDE_1.14.1\STM32CubeIDE\plugins\com.st.stm32cube.common.mx_6.10.0.202311202037\\db\/plugins/boardmanager/
2024-03-18 23:50:22,929 [INFO] ApiDb:261 - Set plugin images path to: C:\ST\STM32CubeIDE_1.14.1\STM32CubeIDE\plugins\com.st.stm32cube.common.mx_6.10.0.202311202037\\db\/plugins/mcufinder/images/
2024-03-18 23:50:22,930 [WARN] DbFile:41 - Overriding database path with different value: C:\Users\MY PC\.stmcufinder\plugins\mcufinder/ => C:\Users\MY PC\.stmcufinder\plugins\mcufinder
2024-03-18 23:50:22,930 [INFO] ApiDb:250 - Set database path to: C:\Users\MY PC\.stmcufinder\plugins\mcufinder//mcu/
2024-03-18 23:50:22,930 [WARN] DbFile:41 - Overriding database path with different value: C:\Users\MY PC\.stmcufinder\plugins\mcufinder/ => C:\Users\MY PC\.stmcufinder\plugins\mcufinder
2024-03-18 23:50:22,931 [INFO] DbMcusAds:125 - Set database path to: C:\Users\MY PC\.stmcufinder\plugins\mcufinder//mcu/
2024-03-18 23:50:22,931 [WARN] DbFile:41 - Overriding database path with different value: C:\Users\MY PC\.stmcufinder\plugins\mcufinder/ => C:\Users\MY PC\.stmcufinder\plugins\mcufinder
2024-03-18 23:50:22,931 [WARN] DbFile:41 - Overriding database path with different value: C:\Users\MY PC\.stmcufinder\plugins\mcufinder/ => C:\Users\MY PC\.stmcufinder\plugins\mcufinder
2024-03-18 23:50:22,931 [INFO] CrossReferenceDbSqlite:203 - Set database path to: C:\Users\MY PC\.stmcufinder\plugins\mcufinder//mcu/cs/
2024-03-18 23:50:22,961 [INFO] ApplicationProperties:184 - Using Application install path: C:\ST\STM32CubeIDE_1.14.1\STM32CubeIDE\plugins\com.st.stm32cube.common.mx_6.10.0.202311202037
2024-03-18 23:50:22,964 [INFO] PluginManage:196 - Search for loadable plugins [exclusion list=, ]
2024-03-18 23:50:22,966 [INFO] PluginManage:310 - Check plugin analytics
2024-03-18 23:50:27,859 [INFO] AnalyticsPlugin:253 - Accepted Software Licenses: 
2024-03-18 23:50:27,859 [INFO] AnalyticsPlugin:255 - Accepted CMSIS Pack Licenses: 
2024-03-18 23:50:27,860 [INFO] AnalyticsPlugin:257 - Accepted Firmware Licenses: 
2024-03-18 23:50:27,864 [INFO] PluginManage:359 - Loaded plugin analytics (category:tool,tabindex:-1)
2024-03-18 23:50:27,865 [INFO] PluginManage:310 - Check plugin cadmodel
2024-03-18 23:50:27,895 [INFO] CADModel:105 - Init CAD model plugin
2024-03-18 23:50:27,895 [INFO] PluginManage:359 - Loaded plugin cadmodel (category:power,tabindex:5)
2024-03-18 23:50:27,896 [INFO] PluginManage:310 - Check plugin clock
2024-03-18 23:50:27,930 [INFO] PluginManage:359 - Loaded plugin clock (category:base,tabindex:2)
2024-03-18 23:50:27,930 [INFO] PluginManage:310 - Check plugin ddr
2024-03-18 23:50:27,934 [INFO] PluginManage:359 - Loaded plugin ddr (category:tool,tabindex:6)
2024-03-18 23:50:27,934 [INFO] PluginManage:310 - Check plugin filemanager
2024-03-18 23:50:28,160 [INFO] PluginManage:359 - Loaded plugin filemanager (category:base,tabindex:10)
2024-03-18 23:50:28,160 [INFO] PluginManage:310 - Check plugin ipmanager
2024-03-18 23:50:28,172 [INFO] PluginManage:359 - Loaded plugin ipmanager (category:base,tabindex:5)
2024-03-18 23:50:28,173 [INFO] PluginManage:310 - Check plugin lpbam
2024-03-18 23:50:28,195 [INFO] PluginManage:359 - Loaded plugin lpbam (category:base,tabindex:0)
2024-03-18 23:50:28,195 [INFO] PluginManage:310 - Check plugin memorymap
2024-03-18 23:50:28,225 [INFO] PluginManage:359 - Loaded plugin memorymap (category:base,tabindex:4)
2024-03-18 23:50:28,225 [INFO] PluginManage:310 - Check plugin pinoutandconfiguration
2024-03-18 23:50:28,246 [INFO] PluginManage:359 - Loaded plugin pinoutandconfiguration (category:base,tabindex:1)
2024-03-18 23:50:28,246 [INFO] PluginManage:310 - Check plugin pinoutconfig
2024-03-18 23:50:28,374 [WARN] SupportedApi:132 - Cannot load RTOS API schema: s4s-elt-must-match.1: The content of 'definitions' must match (annotation?, (simpleType | complexType)?, (unique | key | keyref)*)). A problem was found starting at: attribute.
2024-03-18 23:50:28,574 [INFO] PluginManage:359 - Loaded plugin pinoutconfig (category:base,tabindex:0)
2024-03-18 23:50:28,574 [INFO] PluginManage:310 - Check plugin power
2024-03-18 23:50:28,611 [INFO] PluginManage:359 - Loaded plugin power (category:power,tabindex:4)
2024-03-18 23:50:28,612 [INFO] PluginManage:310 - Check plugin projectmanager
2024-03-18 23:50:28,644 [INFO] PluginManage:359 - Loaded plugin projectmanager (category:projectmanager,tabindex:3)
2024-03-18 23:50:28,645 [INFO] PluginManage:310 - Check plugin thirdparty
2024-03-18 23:50:29,078 [INFO] PluginManage:359 - Loaded plugin thirdparty (category:base,tabindex:-1)
2024-03-18 23:50:29,078 [INFO] PluginManage:310 - Check plugin tools
2024-03-18 23:50:29,078 [WARN] IntegrityCheckThread:84 - waiting for thirdparty lock release [integrity check]
2024-03-18 23:50:29,080 [INFO] IntegrityCheckThread:86 - entering critical section [integrity check]
2024-03-18 23:50:29,080 [INFO] ThirdPartyUpdaterWithRetryManager:70 - Updater plugin not ready yet. [1/15]
2024-03-18 23:50:29,133 [INFO] PluginManage:359 - Loaded plugin tools (category:base,tabindex:7)
2024-03-18 23:50:29,134 [INFO] PluginManage:310 - Check plugin tutovideos
2024-03-18 23:50:29,426 [INFO] PluginManage:359 - Loaded plugin tutovideos (category:base,tabindex:-1)
2024-03-18 23:50:29,426 [INFO] PluginManage:310 - Check plugin updater
2024-03-18 23:50:29,444 [INFO] PluginManage:359 - Loaded plugin updater (category:base,tabindex:12)
2024-03-18 23:50:29,445 [INFO] PluginManage:310 - Check plugin userauth
2024-03-18 23:50:29,453 [INFO] UserAuth:114 - Init User Auth plugin
2024-03-18 23:50:29,453 [INFO] PluginManage:359 - Loaded plugin userauth (category:base,tabindex:14)
2024-03-18 23:50:29,454 [INFO] PluginManage:283 - PluginManage : Loaded plugins [17]
2024-03-18 23:50:29,793 [INFO] PinOutPanel:1499 - setPackage(No Configuration,No Configuration)
2024-03-18 23:50:29,909 [INFO] CADModel:165 - CPN selected for project level
2024-03-18 23:50:29,909 [INFO] CADModel:114 - Register for checkConnection events
2024-03-18 23:50:29,943 [INFO] IPUIPlugin:80 - create IPUIPlugin
2024-03-18 23:50:29,943 [INFO] PluginManager:220 - loadIPPluginJar : add adc
2024-03-18 23:50:29,985 [INFO] IPUIPlugin:80 - create IPUIPlugin
2024-03-18 23:50:29,985 [INFO] PluginManager:220 - loadIPPluginJar : add aes
2024-03-18 23:50:30,040 [INFO] IPUIPlugin:80 - create IPUIPlugin
2024-03-18 23:50:30,040 [INFO] PluginManager:220 - loadIPPluginJar : add can
2024-03-18 23:50:30,068 [INFO] IPUIPlugin:80 - create IPUIPlugin
2024-03-18 23:50:30,068 [INFO] PluginManager:220 - loadIPPluginJar : add comp
2024-03-18 23:50:30,108 [INFO] IPUIPlugin:80 - create IPUIPlugin
2024-03-18 23:50:30,108 [INFO] PluginManager:220 - loadIPPluginJar : add cryp
2024-03-18 23:50:30,144 [INFO] IPUIPlugin:80 - create IPUIPlugin
2024-03-18 23:50:30,145 [INFO] PluginManager:220 - loadIPPluginJar : add dfsdm
2024-03-18 23:50:30,162 [INFO] IPUIPlugin:80 - create IPUIPlugin
2024-03-18 23:50:30,162 [INFO] PluginManager:220 - loadIPPluginJar : add dma
2024-03-18 23:50:30,214 [INFO] IPUIPlugin:80 - create IPUIPlugin
2024-03-18 23:50:30,214 [INFO] PluginManager:220 - loadIPPluginJar : add dma3
2024-03-18 23:50:30,238 [INFO] IPUIPlugin:80 - create IPUIPlugin
2024-03-18 23:50:30,238 [INFO] PluginManager:220 - loadIPPluginJar : add fatfs
2024-03-18 23:50:30,294 [INFO] IPUIPlugin:80 - create IPUIPlugin
2024-03-18 23:50:30,295 [INFO] PluginManager:220 - loadIPPluginJar : add fmc
2024-03-18 23:50:30,315 [INFO] IPUIPlugin:80 - create IPUIPlugin
2024-03-18 23:50:30,315 [INFO] PluginManager:220 - loadIPPluginJar : add freertos
2024-03-18 23:50:30,340 [INFO] IPUIPlugin:80 - create IPUIPlugin
2024-03-18 23:50:30,340 [INFO] PluginManager:220 - loadIPPluginJar : add genericplugin
2024-03-18 23:50:30,453 [INFO] IPUIPlugin:80 - create IPUIPlugin
2024-03-18 23:50:30,454 [INFO] PluginManager:220 - loadIPPluginJar : add gfxmmu
2024-03-18 23:50:30,618 [INFO] IPUIPlugin:80 - create IPUIPlugin
2024-03-18 23:50:30,618 [INFO] PluginManager:220 - loadIPPluginJar : add gic
2024-03-18 23:50:30,633 [INFO] IPUIPlugin:80 - create IPUIPlugin
2024-03-18 23:50:30,633 [INFO] PluginManager:220 - loadIPPluginJar : add gpio
2024-03-18 23:50:30,746 [INFO] IPUIPlugin:80 - create IPUIPlugin
2024-03-18 23:50:30,746 [INFO] PluginManager:220 - loadIPPluginJar : add gtzc
2024-03-18 23:50:30,785 [INFO] IPUIPlugin:80 - create IPUIPlugin
2024-03-18 23:50:30,785 [INFO] PluginManager:220 - loadIPPluginJar : add hash
2024-03-18 23:50:30,853 [INFO] IPUIPlugin:80 - create IPUIPlugin
2024-03-18 23:50:30,853 [INFO] PluginManager:220 - loadIPPluginJar : add i2c
2024-03-18 23:50:30,902 [INFO] IPUIPlugin:80 - create IPUIPlugin
2024-03-18 23:50:30,902 [INFO] PluginManager:220 - loadIPPluginJar : add i2s
2024-03-18 23:50:30,953 [INFO] IPUIPlugin:80 - create IPUIPlugin
2024-03-18 23:50:30,953 [INFO] PluginManager:220 - loadIPPluginJar : add i3c
2024-03-18 23:50:31,094 [INFO] IPUIPlugin:80 - create IPUIPlugin
2024-03-18 23:50:31,095 [INFO] PluginManager:220 - loadIPPluginJar : add ipddr
2024-03-18 23:50:31,207 [INFO] IPUIPlugin:80 - create IPUIPlugin
2024-03-18 23:50:31,208 [INFO] PluginManager:220 - loadIPPluginJar : add linkedlist
2024-03-18 23:50:31,249 [INFO] IPUIPlugin:80 - create IPUIPlugin
2024-03-18 23:50:31,250 [INFO] PluginManager:220 - loadIPPluginJar : add lorawan
2024-03-18 23:50:31,294 [INFO] IPUIPlugin:80 - create IPUIPlugin
2024-03-18 23:50:31,294 [INFO] PluginManager:220 - loadIPPluginJar : add ltdc
2024-03-18 23:50:31,312 [INFO] IPUIPlugin:80 - create IPUIPlugin
2024-03-18 23:50:31,312 [INFO] PluginManager:220 - loadIPPluginJar : add mdma
2024-03-18 23:50:31,327 [INFO] IPUIPlugin:80 - create IPUIPlugin
2024-03-18 23:50:31,327 [INFO] PluginManager:220 - loadIPPluginJar : add nvic
2024-03-18 23:50:31,371 [INFO] IPUIPlugin:80 - create IPUIPlugin
2024-03-18 23:50:31,371 [INFO] PluginManager:220 - loadIPPluginJar : add opamp
2024-03-18 23:50:31,445 [INFO] IPUIPlugin:80 - create IPUIPlugin
2024-03-18 23:50:31,446 [INFO] PluginManager:220 - loadIPPluginJar : add openamp
2024-03-18 23:50:31,499 [INFO] IPUIPlugin:80 - create IPUIPlugin
2024-03-18 23:50:31,499 [INFO] PluginManager:220 - loadIPPluginJar : add pdm2pcm
2024-03-18 23:50:31,517 [INFO] IPUIPlugin:80 - create IPUIPlugin
2024-03-18 23:50:31,520 [INFO] PluginManager:220 - loadIPPluginJar : add plateformsettings
2024-03-18 23:50:31,545 [INFO] IPUIPlugin:80 - create IPUIPlugin
2024-03-18 23:50:31,545 [INFO] PluginManager:220 - loadIPPluginJar : add quadspi
2024-03-18 23:50:31,560 [INFO] IPUIPlugin:80 - create IPUIPlugin
2024-03-18 23:50:31,560 [INFO] PluginManager:220 - loadIPPluginJar : add resmgrutility
2024-03-18 23:50:31,619 [INFO] IPUIPlugin:80 - create IPUIPlugin
2024-03-18 23:50:31,619 [INFO] PluginManager:220 - loadIPPluginJar : add sai
2024-03-18 23:50:31,664 [INFO] IPUIPlugin:80 - create IPUIPlugin
2024-03-18 23:50:31,664 [INFO] PluginManager:220 - loadIPPluginJar : add spi
2024-03-18 23:50:31,748 [INFO] IPUIPlugin:80 - create IPUIPlugin
2024-03-18 23:50:31,748 [INFO] PluginManager:220 - loadIPPluginJar : add stm32_wpan
2024-03-18 23:50:31,775 [INFO] IPUIPlugin:80 - create IPUIPlugin
2024-03-18 23:50:31,775 [INFO] PluginManager:220 - loadIPPluginJar : add tim
2024-03-18 23:50:31,842 [INFO] IPUIPlugin:80 - create IPUIPlugin
2024-03-18 23:50:31,843 [INFO] PluginManager:220 - loadIPPluginJar : add touchsensing
2024-03-18 23:50:31,870 [INFO] IPUIPlugin:80 - create IPUIPlugin
2024-03-18 23:50:31,870 [INFO] PluginManager:220 - loadIPPluginJar : add tracer_emb
2024-03-18 23:50:31,896 [INFO] IPUIPlugin:80 - create IPUIPlugin
2024-03-18 23:50:31,896 [INFO] PluginManager:220 - loadIPPluginJar : add ts
2024-03-18 23:50:31,921 [INFO] IPUIPlugin:80 - create IPUIPlugin
2024-03-18 23:50:31,921 [INFO] PluginManager:220 - loadIPPluginJar : add tsc
2024-03-18 23:50:31,948 [INFO] IPUIPlugin:80 - create IPUIPlugin
2024-03-18 23:50:31,948 [INFO] PluginManager:220 - loadIPPluginJar : add ucpd
2024-03-18 23:50:32,004 [INFO] IPUIPlugin:80 - create IPUIPlugin
2024-03-18 23:50:32,004 [INFO] PluginManager:220 - loadIPPluginJar : add usart
2024-03-18 23:50:32,056 [INFO] IPUIPlugin:80 - create IPUIPlugin
2024-03-18 23:50:32,056 [INFO] PluginManager:220 - loadIPPluginJar : add usbx
2024-03-18 23:50:32,093 [INFO] ThirdPartyUpdaterWithRetryManager:70 - Updater plugin not ready yet. [2/15]
2024-03-18 23:50:32,230 [INFO] CADModel:165 - CPN selected for project level
2024-03-18 23:50:32,230 [INFO] CADModel:114 - Register for checkConnection events
2024-03-18 23:50:32,230 [FATAL] Updater:308 - Updater called before beeing initialized
2024-03-18 23:50:32,230 [ERROR] CADModel:125 - Updater not yet initialized, retry later 
2024-03-18 23:50:32,447 [INFO] CADModel:165 - CPN selected for project level
2024-03-18 23:50:32,447 [INFO] CADModel:114 - Register for checkConnection events
2024-03-18 23:50:32,447 [FATAL] Updater:308 - Updater called before beeing initialized
2024-03-18 23:50:32,447 [ERROR] CADModel:125 - Updater not yet initialized, retry later 
2024-03-18 23:50:32,452 [FATAL] Updater:308 - Updater called before beeing initialized
2024-03-18 23:50:32,637 [FATAL] Updater:308 - Updater called before beeing initialized
2024-03-18 23:50:32,655 [INFO] DbMcusAds:53 - JSON generation date=Wed Nov 29 16:22:27 IST 2023 (1701255147349)
2024-03-18 23:50:32,656 [FATAL] Updater:308 - Updater called before beeing initialized
2024-03-18 23:50:32,753 [WARN] DetailPanel:346 - Failed to get advertising image, set to default
2024-03-18 23:50:32,892 [FATAL] Updater:308 - Updater called before beeing initialized
2024-03-18 23:50:32,895 [FATAL] Updater:308 - Updater called before beeing initialized
2024-03-18 23:50:32,895 [FATAL] Updater:308 - Updater called before beeing initialized
2024-03-18 23:50:32,895 [WARN] DetailPanel:346 - Failed to get advertising image, set to default
2024-03-18 23:50:32,896 [FATAL] Updater:308 - Updater called before beeing initialized
2024-03-18 23:50:32,989 [ERROR] Updater:1120 - MainUpdater not yet initialized. External WinMGr cannot be set.
2024-03-18 23:50:33,002 [INFO] Updater:1056 - Updater Version found : 6.10.0
2024-03-18 23:50:33,036 [INFO] ApplicationProperties:184 - Using Application install path: C:\ST\STM32CubeIDE_1.14.1\STM32CubeIDE\plugins\com.st.stm32cube.common.mx_6.10.0.202311202037
2024-03-18 23:50:34,661 [ERROR] LogOutputStream:75 - [STDERR_REDIRECT] Mar 18, 2024 11:50:34 PM java.util.prefs.WindowsPreferences <init>
2024-03-18 23:50:34,665 [ERROR] LogOutputStream:75 - [STDERR_REDIRECT] WARNING: Could not open/create prefs root node Software\JavaSoft\Prefs at root 0xffffffff80000002. Windows RegCreateKeyEx(...) returned error code 5.
2024-03-18 23:50:34,666 [ERROR] LogOutputStream:75 - [STDERR_REDIRECT] 
2024-03-18 23:50:35,107 [FATAL] Updater:308 - Updater called before beeing initialized
2024-03-18 23:50:35,107 [ERROR] IntegrityCheckThread:130 - Cannot retrieve database content from updater: error 21
2024-03-18 23:50:35,108 [INFO] ThirdParty:978 - Integrity check success = false
2024-03-18 23:50:35,108 [INFO] IntegrityCheckThread:100 - exiting critical section [integrity check]
2024-03-18 23:50:35,108 [INFO] IntegrityCheckThread:103 - End integrity checks thread
2024-03-18 23:50:35,157 [INFO] MainUpdater:2873 - connection check result : 10
2024-03-18 23:50:35,158 [INFO] MainUpdater:290 - Updater Check For Update Now.
2024-03-18 23:50:35,158 [INFO] MicroXplorer:498 - Change Database Version : DB.6.0.100
2024-03-18 23:50:35,184 [INFO] McuFinderGlobals:63 - Set McuFinder mode to 2 (CubeIDE integrated)
2024-03-18 23:50:35,185 [INFO] UserAuth:180 - activating auth plugin
2024-03-18 23:50:35,190 [INFO] UserAuth:404 - Internet connection configuration mode: 1
2024-03-18 23:50:35,243 [INFO] JxBrowserEngine:152 - Initiate JxBrowser Engine with user profile folder
2024-03-18 23:50:35,473 [INFO] CheckServerUpdateThread:120 - End of CheckServer Thread
2024-03-18 23:50:39,478 [INFO] WebApp:161 - Instantiating new browser for Auth
2024-03-18 23:50:40,594 [INFO] WebApp:780 - Register for checkConnection events
2024-03-18 23:50:40,595 [INFO] WebApp:414 - Apply proxy settings
2024-03-18 23:50:40,595 [INFO] WebApp:499 - Chromium requires no authentication
2024-03-18 23:50:40,608 [INFO] WebApp:442 - Direct internet connection detected
2024-03-18 23:50:40,875 [INFO] WebApp:192 - Starting web application
2024-03-18 23:50:40,875 [INFO] WebApp:544 - Web application path used C:\ST\STM32CubeIDE_1.14.1\STM32CubeIDE\plugins\com.st.stm32cube.common.mx_6.10.0.202311202037\db\plugins\mcufinder\reactClient1\index.html
2024-03-18 23:51:02,499 [ERROR] LogOutputStream:75 - [STDERR_REDIRECT] SLF4J: Failed to load class "org.slf4j.impl.StaticLoggerBinder".
2024-03-18 23:51:02,501 [ERROR] LogOutputStream:75 - [STDERR_REDIRECT] SLF4J: Defaulting to no-operation (NOP) logger implementation
2024-03-18 23:51:02,505 [ERROR] LogOutputStream:75 - [STDERR_REDIRECT] SLF4J: See http://www.slf4j.org/codes.html#StaticLoggerBinder for further details.
